Performing C SOURCE FILE Test CMAKE_HAVE_LIBC_PTHREAD failed with the following output:
Change Dir: /home/s5529663/Desktop/2022/cpp_notes/ASE_code/lab3/DLA02/build/CMakeFiles/CMakeTmp

Run Build Command(s):/opt/rh/gcc-toolset-11/root/usr/bin/gmake -f Makefile cmTC_a9d24/fast && /opt/rh/gcc-toolset-11/root/usr/bin/gmake  -f CMakeFiles/cmTC_a9d24.dir/build.make CMakeFiles/cmTC_a9d24.dir/build
gmake[1]: Entering directory '/home/s5529663/Desktop/2022/cpp_notes/ASE_code/lab3/DLA02/build/CMakeFiles/CMakeTmp'
Building C object CMakeFiles/cmTC_a9d24.dir/src.c.o
/opt/rh/gcc-toolset-11/root/usr/bin/cc -DCMAKE_HAVE_LIBC_PTHREAD   -o CMakeFiles/cmTC_a9d24.dir/src.c.o -c /home/s5529663/Desktop/2022/cpp_notes/ASE_code/lab3/DLA02/build/CMakeFiles/CMakeTmp/src.c
Linking C executable cmTC_a9d24
/usr/bin/cmake -E cmake_link_script CMakeFiles/cmTC_a9d24.dir/link.txt --verbose=1
/opt/rh/gcc-toolset-11/root/usr/bin/cc CMakeFiles/cmTC_a9d24.dir/src.c.o -o cmTC_a9d24 
/opt/rh/gcc-toolset-11/root/usr/bin/ld: CMakeFiles/cmTC_a9d24.dir/src.c.o: in function `main':
src.c:(.text+0x2d): undefined reference to `pthread_create'
/opt/rh/gcc-toolset-11/root/usr/bin/ld: src.c:(.text+0x39): undefined reference to `pthread_detach'
/opt/rh/gcc-toolset-11/root/usr/bin/ld: src.c:(.text+0x45): undefined reference to `pthread_cancel'
/opt/rh/gcc-toolset-11/root/usr/bin/ld: src.c:(.text+0x56): undefined reference to `pthread_join'
collect2: error: ld returned 1 exit status
gmake[1]: *** [CMakeFiles/cmTC_a9d24.dir/build.make:99: cmTC_a9d24] Error 1
gmake[1]: Leaving directory '/home/s5529663/Desktop/2022/cpp_notes/ASE_code/lab3/DLA02/build/CMakeFiles/CMakeTmp'
gmake: *** [Makefile:127: cmTC_a9d24/fast] Error 2


Source file was:
#include <pthread.h>

static void* test_func(void* data)
{
  return data;
}

int main(void)
{
  pthread_t thread;
  pthread_create(&thread, NULL, test_func, NULL);
  pthread_detach(thread);
  pthread_cancel(thread);
  pthread_join(thread, NULL);
  pthread_atfork(NULL, NULL, NULL);
  pthread_exit(NULL);

  return 0;
}

Determining if the function pthread_create exists in the pthreads failed with the following output:
Change Dir: /home/s5529663/Desktop/2022/cpp_notes/ASE_code/lab3/DLA02/build/CMakeFiles/CMakeTmp

Run Build Command(s):/opt/rh/gcc-toolset-11/root/usr/bin/gmake -f Makefile cmTC_a590c/fast && /opt/rh/gcc-toolset-11/root/usr/bin/gmake  -f CMakeFiles/cmTC_a590c.dir/build.make CMakeFiles/cmTC_a590c.dir/build
gmake[1]: Entering directory '/home/s5529663/Desktop/2022/cpp_notes/ASE_code/lab3/DLA02/build/CMakeFiles/CMakeTmp'
Building C object CMakeFiles/cmTC_a590c.dir/CheckFunctionExists.c.o
/opt/rh/gcc-toolset-11/root/usr/bin/cc   -DCHECK_FUNCTION_EXISTS=pthread_create -o CMakeFiles/cmTC_a590c.dir/CheckFunctionExists.c.o -c /usr/share/cmake/Modules/CheckFunctionExists.c
Linking C executable cmTC_a590c
/usr/bin/cmake -E cmake_link_script CMakeFiles/cmTC_a590c.dir/link.txt --verbose=1
/opt/rh/gcc-toolset-11/root/usr/bin/cc  -DCHECK_FUNCTION_EXISTS=pthread_create CMakeFiles/cmTC_a590c.dir/CheckFunctionExists.c.o -o cmTC_a590c  -lpthreads 
/opt/rh/gcc-toolset-11/root/usr/bin/ld: cannot find -lpthreads
collect2: error: ld returned 1 exit status
gmake[1]: *** [CMakeFiles/cmTC_a590c.dir/build.make:99: cmTC_a590c] Error 1
gmake[1]: Leaving directory '/home/s5529663/Desktop/2022/cpp_notes/ASE_code/lab3/DLA02/build/CMakeFiles/CMakeTmp'
gmake: *** [Makefile:127: cmTC_a590c/fast] Error 2



Performing C SOURCE FILE Test CMAKE_HAVE_LIBC_PTHREAD failed with the following output:
Change Dir: /home/s5529663/Desktop/2022/cpp_notes/ASE_code/lab3/DLA02/build/CMakeFiles/CMakeTmp

Run Build Command(s):/usr/bin/ninja-build cmTC_6fa66 && [1/2] Building C object CMakeFiles/cmTC_6fa66.dir/src.c.o
[2/2] Linking C executable cmTC_6fa66
FAILED: cmTC_6fa66 
: && /opt/rh/gcc-toolset-11/root/usr/bin/gcc   CMakeFiles/cmTC_6fa66.dir/src.c.o -o cmTC_6fa66   && :
/opt/rh/gcc-toolset-11/root/usr/bin/ld: CMakeFiles/cmTC_6fa66.dir/src.c.o: in function `main':
src.c:(.text+0x2d): undefined reference to `pthread_create'
/opt/rh/gcc-toolset-11/root/usr/bin/ld: src.c:(.text+0x39): undefined reference to `pthread_detach'
/opt/rh/gcc-toolset-11/root/usr/bin/ld: src.c:(.text+0x45): undefined reference to `pthread_cancel'
/opt/rh/gcc-toolset-11/root/usr/bin/ld: src.c:(.text+0x56): undefined reference to `pthread_join'
collect2: error: ld returned 1 exit status
ninja: build stopped: subcommand failed.


Source file was:
#include <pthread.h>

static void* test_func(void* data)
{
  return data;
}

int main(void)
{
  pthread_t thread;
  pthread_create(&thread, NULL, test_func, NULL);
  pthread_detach(thread);
  pthread_cancel(thread);
  pthread_join(thread, NULL);
  pthread_atfork(NULL, NULL, NULL);
  pthread_exit(NULL);

  return 0;
}

Determining if the function pthread_create exists in the pthreads failed with the following output:
Change Dir: /home/s5529663/Desktop/2022/cpp_notes/ASE_code/lab3/DLA02/build/CMakeFiles/CMakeTmp

Run Build Command(s):/usr/bin/ninja-build cmTC_f49e7 && [1/2] Building C object CMakeFiles/cmTC_f49e7.dir/CheckFunctionExists.c.o
[2/2] Linking C executable cmTC_f49e7
FAILED: cmTC_f49e7 
: && /opt/rh/gcc-toolset-11/root/usr/bin/gcc -DCHECK_FUNCTION_EXISTS=pthread_create  CMakeFiles/cmTC_f49e7.dir/CheckFunctionExists.c.o -o cmTC_f49e7  -lpthreads && :
/opt/rh/gcc-toolset-11/root/usr/bin/ld: cannot find -lpthreads
collect2: error: ld returned 1 exit status
ninja: build stopped: subcommand failed.



Performing C SOURCE FILE Test CMAKE_HAVE_LIBC_PTHREAD failed with the following output:
Change Dir: /home/s5529663/Desktop/2022/project/DLA/DLA02/build/CMakeFiles/CMakeTmp

Run Build Command(s):/opt/rh/gcc-toolset-11/root/usr/bin/gmake -f Makefile cmTC_a9814/fast && /opt/rh/gcc-toolset-11/root/usr/bin/gmake  -f CMakeFiles/cmTC_a9814.dir/build.make CMakeFiles/cmTC_a9814.dir/build
gmake[1]: Entering directory '/home/s5529663/Desktop/2022/project/DLA/DLA02/build/CMakeFiles/CMakeTmp'
Building C object CMakeFiles/cmTC_a9814.dir/src.c.o
/opt/rh/gcc-toolset-11/root/usr/bin/cc -DCMAKE_HAVE_LIBC_PTHREAD   -o CMakeFiles/cmTC_a9814.dir/src.c.o -c /home/s5529663/Desktop/2022/project/DLA/DLA02/build/CMakeFiles/CMakeTmp/src.c
Linking C executable cmTC_a9814
/usr/bin/cmake -E cmake_link_script CMakeFiles/cmTC_a9814.dir/link.txt --verbose=1
/opt/rh/gcc-toolset-11/root/usr/bin/cc CMakeFiles/cmTC_a9814.dir/src.c.o -o cmTC_a9814 
/opt/rh/gcc-toolset-11/root/usr/bin/ld: CMakeFiles/cmTC_a9814.dir/src.c.o: in function `main':
src.c:(.text+0x2d): undefined reference to `pthread_create'
/opt/rh/gcc-toolset-11/root/usr/bin/ld: src.c:(.text+0x39): undefined reference to `pthread_detach'
/opt/rh/gcc-toolset-11/root/usr/bin/ld: src.c:(.text+0x45): undefined reference to `pthread_cancel'
/opt/rh/gcc-toolset-11/root/usr/bin/ld: src.c:(.text+0x56): undefined reference to `pthread_join'
collect2: error: ld returned 1 exit status
gmake[1]: *** [CMakeFiles/cmTC_a9814.dir/build.make:99: cmTC_a9814] Error 1
gmake[1]: Leaving directory '/home/s5529663/Desktop/2022/project/DLA/DLA02/build/CMakeFiles/CMakeTmp'
gmake: *** [Makefile:127: cmTC_a9814/fast] Error 2


Source file was:
#include <pthread.h>

static void* test_func(void* data)
{
  return data;
}

int main(void)
{
  pthread_t thread;
  pthread_create(&thread, NULL, test_func, NULL);
  pthread_detach(thread);
  pthread_cancel(thread);
  pthread_join(thread, NULL);
  pthread_atfork(NULL, NULL, NULL);
  pthread_exit(NULL);

  return 0;
}

Determining if the function pthread_create exists in the pthreads failed with the following output:
Change Dir: /home/s5529663/Desktop/2022/project/DLA/DLA02/build/CMakeFiles/CMakeTmp

Run Build Command(s):/opt/rh/gcc-toolset-11/root/usr/bin/gmake -f Makefile cmTC_e4ed8/fast && /opt/rh/gcc-toolset-11/root/usr/bin/gmake  -f CMakeFiles/cmTC_e4ed8.dir/build.make CMakeFiles/cmTC_e4ed8.dir/build
gmake[1]: Entering directory '/home/s5529663/Desktop/2022/project/DLA/DLA02/build/CMakeFiles/CMakeTmp'
Building C object CMakeFiles/cmTC_e4ed8.dir/CheckFunctionExists.c.o
/opt/rh/gcc-toolset-11/root/usr/bin/cc   -DCHECK_FUNCTION_EXISTS=pthread_create -o CMakeFiles/cmTC_e4ed8.dir/CheckFunctionExists.c.o -c /usr/share/cmake/Modules/CheckFunctionExists.c
Linking C executable cmTC_e4ed8
/usr/bin/cmake -E cmake_link_script CMakeFiles/cmTC_e4ed8.dir/link.txt --verbose=1
/opt/rh/gcc-toolset-11/root/usr/bin/cc  -DCHECK_FUNCTION_EXISTS=pthread_create CMakeFiles/cmTC_e4ed8.dir/CheckFunctionExists.c.o -o cmTC_e4ed8  -lpthreads 
/opt/rh/gcc-toolset-11/root/usr/bin/ld: cannot find -lpthreads
collect2: error: ld returned 1 exit status
gmake[1]: *** [CMakeFiles/cmTC_e4ed8.dir/build.make:99: cmTC_e4ed8] Error 1
gmake[1]: Leaving directory '/home/s5529663/Desktop/2022/project/DLA/DLA02/build/CMakeFiles/CMakeTmp'
gmake: *** [Makefile:127: cmTC_e4ed8/fast] Error 2



