Performing C++ SOURCE FILE Test CMAKE_HAVE_LIBC_PTHREAD failed with the following output:
Change Dir: /home/s5529663/Desktop/2022/ASE/lab3/Image/build/CMakeFiles/CMakeTmp

Run Build Command(s):/usr/bin/ninja-build cmTC_74205 && [1/2] Building CXX object CMakeFiles/cmTC_74205.dir/src.cxx.o
[2/2] Linking CXX executable cmTC_74205
FAILED: cmTC_74205 
: && /opt/rh/gcc-toolset-11/root/usr/bin/g++   CMakeFiles/cmTC_74205.dir/src.cxx.o -o cmTC_74205   && :
/opt/rh/gcc-toolset-11/root/usr/bin/ld: CMakeFiles/cmTC_74205.dir/src.cxx.o: in function `main':
src.cxx:(.text+0x2d): undefined reference to `pthread_create'
/opt/rh/gcc-toolset-11/root/usr/bin/ld: src.cxx:(.text+0x39): undefined reference to `pthread_detach'
/opt/rh/gcc-toolset-11/root/usr/bin/ld: src.cxx:(.text+0x45): undefined reference to `pthread_cancel'
/opt/rh/gcc-toolset-11/root/usr/bin/ld: src.cxx:(.text+0x56): undefined reference to `pthread_join'
collect2: error: ld returned 1 exit status
ninja: build stopped: subcommand failed.


Source file was:
#include <pthread.h>

static void* test_func(void* data)
{
  return data;
}

int main(void)
{
  pthread_t thread;
  pthread_create(&thread, NULL, test_func, NULL);
  pthread_detach(thread);
  pthread_cancel(thread);
  pthread_join(thread, NULL);
  pthread_atfork(NULL, NULL, NULL);
  pthread_exit(NULL);

  return 0;
}

Determining if the function pthread_create exists in the pthreads failed with the following output:
Change Dir: /home/s5529663/Desktop/2022/ASE/lab3/Image/build/CMakeFiles/CMakeTmp

Run Build Command(s):/usr/bin/ninja-build cmTC_a3cd4 && [1/2] Building CXX object CMakeFiles/cmTC_a3cd4.dir/CheckFunctionExists.cxx.o
[2/2] Linking CXX executable cmTC_a3cd4
FAILED: cmTC_a3cd4 
: && /opt/rh/gcc-toolset-11/root/usr/bin/g++ -DCHECK_FUNCTION_EXISTS=pthread_create  CMakeFiles/cmTC_a3cd4.dir/CheckFunctionExists.cxx.o -o cmTC_a3cd4  -lpthreads && :
/opt/rh/gcc-toolset-11/root/usr/bin/ld: cannot find -lpthreads
collect2: error: ld returned 1 exit status
ninja: build stopped: subcommand failed.



